{"D:\\Projetos\\WeVets-teste-tecnico\\src\\application\\generateReport.js": {"path":"D:\\Projetos\\WeVets-teste-tecnico\\src\\application\\generateReport.js","statementMap":{"0":{"start":{"line":7,"column":2},"end":{"line":26,"column":3}},"1":{"start":{"line":8,"column":4},"end":{"line":8,"column":47}},"2":{"start":{"line":10,"column":27},"end":{"line":13,"column":6}},"3":{"start":{"line":15,"column":4},"end":{"line":15,"column":50}},"4":{"start":{"line":16,"column":4},"end":{"line":16,"column":50}},"5":{"start":{"line":18,"column":19},"end":{"line":18,"column":50}},"6":{"start":{"line":20,"column":4},"end":{"line":20,"column":60}},"7":{"start":{"line":22,"column":4},"end":{"line":22,"column":18}},"8":{"start":{"line":24,"column":4},"end":{"line":24,"column":53}},"9":{"start":{"line":25,"column":4},"end":{"line":25,"column":16}}},"fnMap":{"0":{"name":"generateReport","decl":{"start":{"line":6,"column":22},"end":{"line":6,"column":36}},"loc":{"start":{"line":6,"column":39},"end":{"line":27,"column":1}},"line":6}},"branchMap":{},"s":{"0":2,"1":2,"2":2,"3":1,"4":1,"5":1,"6":1,"7":1,"8":1,"9":1},"f":{"0":2},"b":{},"_coverageSchema":"1a1c01bbd47fc00a2c39e90264f33305004495a9","hash":"fd7ff893c43cd1ab38b6b1283cfd41b6e5a4a3bc"}
,"D:\\Projetos\\WeVets-teste-tecnico\\src\\config\\constants.js": {"path":"D:\\Projetos\\WeVets-teste-tecnico\\src\\config\\constants.js","statementMap":{"0":{"start":{"line":1,"column":29},"end":{"line":5,"column":1}},"1":{"start":{"line":4,"column":20},"end":{"line":4,"column":59}},"2":{"start":{"line":7,"column":26},"end":{"line":18,"column":1}}},"fnMap":{"0":{"name":"(anonymous_0)","decl":{"start":{"line":4,"column":11},"end":{"line":4,"column":12}},"loc":{"start":{"line":4,"column":20},"end":{"line":4,"column":59}},"line":4}},"branchMap":{},"s":{"0":2,"1":0,"2":2},"f":{"0":0},"b":{},"_coverageSchema":"1a1c01bbd47fc00a2c39e90264f33305004495a9","hash":"b41f8ce108bd3ea326f1be6b871a1ae814802ce8"}
,"D:\\Projetos\\WeVets-teste-tecnico\\src\\domain\\post\\postEnricher.js": {"path":"D:\\Projetos\\WeVets-teste-tecnico\\src\\domain\\post\\postEnricher.js","statementMap":{"0":{"start":{"line":5,"column":26},"end":{"line":5,"column":27}},"1":{"start":{"line":8,"column":18},"end":{"line":8,"column":20}},"2":{"start":{"line":9,"column":20},"end":{"line":9,"column":22}},"3":{"start":{"line":11,"column":2},"end":{"line":21,"column":3}},"4":{"start":{"line":12,"column":14},"end":{"line":12,"column":30}},"5":{"start":{"line":13,"column":4},"end":{"line":13,"column":20}},"6":{"start":{"line":15,"column":14},"end":{"line":15,"column":72}},"7":{"start":{"line":15,"column":30},"end":{"line":15,"column":71}},"8":{"start":{"line":16,"column":4},"end":{"line":16,"column":22}},"9":{"start":{"line":18,"column":4},"end":{"line":20,"column":5}},"10":{"start":{"line":19,"column":6},"end":{"line":19,"column":36}},"11":{"start":{"line":23,"column":2},"end":{"line":23,"column":37}},"12":{"start":{"line":27,"column":2},"end":{"line":35,"column":4}},"13":{"start":{"line":43,"column":18},"end":{"line":43,"column":52}},"14":{"start":{"line":43,"column":41},"end":{"line":43,"column":50}},"15":{"start":{"line":45,"column":25},"end":{"line":62,"column":4}},"16":{"start":{"line":46,"column":4},"end":{"line":46,"column":48}},"17":{"start":{"line":46,"column":36},"end":{"line":46,"column":48}},"18":{"start":{"line":48,"column":19},"end":{"line":48,"column":43}},"19":{"start":{"line":49,"column":4},"end":{"line":49,"column":53}},"20":{"start":{"line":49,"column":41},"end":{"line":49,"column":53}},"21":{"start":{"line":51,"column":16},"end":{"line":51,"column":37}},"22":{"start":{"line":52,"column":4},"end":{"line":52,"column":26}},"23":{"start":{"line":52,"column":14},"end":{"line":52,"column":26}},"24":{"start":{"line":54,"column":18},"end":{"line":54,"column":45}},"25":{"start":{"line":55,"column":4},"end":{"line":59,"column":5}},"26":{"start":{"line":56,"column":6},"end":{"line":56,"column":40}},"27":{"start":{"line":58,"column":6},"end":{"line":58,"column":71}},"28":{"start":{"line":61,"column":4},"end":{"line":61,"column":55}},"29":{"start":{"line":64,"column":2},"end":{"line":66,"column":23}},"30":{"start":{"line":65,"column":17},"end":{"line":65,"column":52}},"31":{"start":{"line":66,"column":14},"end":{"line":66,"column":21}}},"fnMap":{"0":{"name":"asyncPool","decl":{"start":{"line":7,"column":15},"end":{"line":7,"column":24}},"loc":{"start":{"line":7,"column":51},"end":{"line":24,"column":1}},"line":7},"1":{"name":"(anonymous_1)","decl":{"start":{"line":15,"column":24},"end":{"line":15,"column":25}},"loc":{"start":{"line":15,"column":30},"end":{"line":15,"column":71}},"line":15},"2":{"name":"buildPostOutput","decl":{"start":{"line":26,"column":9},"end":{"line":26,"column":24}},"loc":{"start":{"line":26,"column":53},"end":{"line":36,"column":1}},"line":26},"3":{"name":"enrichPosts","decl":{"start":{"line":42,"column":22},"end":{"line":42,"column":33}},"loc":{"start":{"line":42,"column":48},"end":{"line":67,"column":1}},"line":42},"4":{"name":"(anonymous_4)","decl":{"start":{"line":43,"column":36},"end":{"line":43,"column":37}},"loc":{"start":{"line":43,"column":41},"end":{"line":43,"column":50}},"line":43},"5":{"name":"(anonymous_5)","decl":{"start":{"line":45,"column":67},"end":{"line":45,"column":68}},"loc":{"start":{"line":45,"column":83},"end":{"line":62,"column":3}},"line":45},"6":{"name":"(anonymous_6)","decl":{"start":{"line":65,"column":12},"end":{"line":65,"column":13}},"loc":{"start":{"line":65,"column":17},"end":{"line":65,"column":52}},"line":65},"7":{"name":"(anonymous_7)","decl":{"start":{"line":66,"column":9},"end":{"line":66,"column":10}},"loc":{"start":{"line":66,"column":14},"end":{"line":66,"column":21}},"line":66}},"branchMap":{"0":{"loc":{"start":{"line":18,"column":4},"end":{"line":20,"column":5}},"type":"if","locations":[{"start":{"line":18,"column":4},"end":{"line":20,"column":5}},{"start":{},"end":{}}],"line":18},"1":{"loc":{"start":{"line":46,"column":4},"end":{"line":46,"column":48}},"type":"if","locations":[{"start":{"line":46,"column":4},"end":{"line":46,"column":48}},{"start":{},"end":{}}],"line":46},"2":{"loc":{"start":{"line":46,"column":8},"end":{"line":46,"column":34}},"type":"binary-expr","locations":[{"start":{"line":46,"column":8},"end":{"line":46,"column":17}},{"start":{"line":46,"column":21},"end":{"line":46,"column":34}}],"line":46},"3":{"loc":{"start":{"line":49,"column":4},"end":{"line":49,"column":53}},"type":"if","locations":[{"start":{"line":49,"column":4},"end":{"line":49,"column":53}},{"start":{},"end":{}}],"line":49},"4":{"loc":{"start":{"line":49,"column":8},"end":{"line":49,"column":39}},"type":"binary-expr","locations":[{"start":{"line":49,"column":8},"end":{"line":49,"column":21}},{"start":{"line":49,"column":25},"end":{"line":49,"column":39}}],"line":49},"5":{"loc":{"start":{"line":52,"column":4},"end":{"line":52,"column":26}},"type":"if","locations":[{"start":{"line":52,"column":4},"end":{"line":52,"column":26}},{"start":{},"end":{}}],"line":52},"6":{"loc":{"start":{"line":65,"column":17},"end":{"line":65,"column":52}},"type":"binary-expr","locations":[{"start":{"line":65,"column":17},"end":{"line":65,"column":41}},{"start":{"line":65,"column":45},"end":{"line":65,"column":52}}],"line":65}},"s":{"0":1,"1":5,"2":5,"3":5,"4":6,"5":6,"6":6,"7":6,"8":6,"9":6,"10":0,"11":5,"12":4,"13":5,"14":4,"15":5,"16":6,"17":1,"18":5,"19":5,"20":1,"21":4,"22":4,"23":0,"24":4,"25":4,"26":4,"27":1,"28":4,"29":5,"30":6,"31":4},"f":{"0":5,"1":6,"2":4,"3":5,"4":4,"5":6,"6":6,"7":4},"b":{"0":[0,6],"1":[1,5],"2":[6,5],"3":[1,4],"4":[5,4],"5":[0,4],"6":[6,6]},"_coverageSchema":"1a1c01bbd47fc00a2c39e90264f33305004495a9","hash":"2db30aa210afc42591646dc433b8a96d38bf128b"}
,"D:\\Projetos\\WeVets-teste-tecnico\\src\\infra\\http\\httpClient.js": {"path":"D:\\Projetos\\WeVets-teste-tecnico\\src\\infra\\http\\httpClient.js","statementMap":{"0":{"start":{"line":3,"column":26},"end":{"line":5,"column":2}},"1":{"start":{"line":7,"column":0},"end":{"line":17,"column":2}},"2":{"start":{"line":8,"column":14},"end":{"line":8,"column":22}},"3":{"start":{"line":10,"column":19},"end":{"line":10,"column":41}},"4":{"start":{"line":11,"column":20},"end":{"line":11,"column":33}},"5":{"start":{"line":13,"column":4},"end":{"line":15,"column":6}}},"fnMap":{"0":{"name":"(anonymous_0)","decl":{"start":{"line":8,"column":2},"end":{"line":8,"column":3}},"loc":{"start":{"line":8,"column":14},"end":{"line":8,"column":22}},"line":8},"1":{"name":"(anonymous_1)","decl":{"start":{"line":9,"column":2},"end":{"line":9,"column":3}},"loc":{"start":{"line":9,"column":11},"end":{"line":16,"column":3}},"line":9}},"branchMap":{"0":{"loc":{"start":{"line":14,"column":30},"end":{"line":14,"column":42}},"type":"binary-expr","locations":[{"start":{"line":14,"column":30},"end":{"line":14,"column":36}},{"start":{"line":14,"column":40},"end":{"line":14,"column":42}}],"line":14}},"s":{"0":1,"1":1,"2":0,"3":0,"4":0,"5":0},"f":{"0":0,"1":0},"b":{"0":[0,0]},"_coverageSchema":"1a1c01bbd47fc00a2c39e90264f33305004495a9","hash":"6329534cc204092345080423c48ffb1eda393c1d"}
,"D:\\Projetos\\WeVets-teste-tecnico\\src\\infra\\repositories\\postApi.js": {"path":"D:\\Projetos\\WeVets-teste-tecnico\\src\\infra\\repositories\\postApi.js","statementMap":{"0":{"start":{"line":5,"column":19},"end":{"line":5,"column":60}},"1":{"start":{"line":7,"column":2},"end":{"line":9,"column":18}},"2":{"start":{"line":8,"column":20},"end":{"line":8,"column":31}}},"fnMap":{"0":{"name":"fetchPosts","decl":{"start":{"line":4,"column":22},"end":{"line":4,"column":32}},"loc":{"start":{"line":4,"column":35},"end":{"line":10,"column":1}},"line":4},"1":{"name":"(anonymous_1)","decl":{"start":{"line":8,"column":10},"end":{"line":8,"column":11}},"loc":{"start":{"line":8,"column":20},"end":{"line":8,"column":31}},"line":8}},"branchMap":{},"s":{"0":1,"1":1,"2":49},"f":{"0":1,"1":49},"b":{},"_coverageSchema":"1a1c01bbd47fc00a2c39e90264f33305004495a9","hash":"d246b085c6d77917b65536f6ed27582c67eb0dcb"}
,"D:\\Projetos\\WeVets-teste-tecnico\\src\\utils\\logger.js": {"path":"D:\\Projetos\\WeVets-teste-tecnico\\src\\utils\\logger.js","statementMap":{"0":{"start":{"line":1,"column":22},"end":{"line":8,"column":1}},"1":{"start":{"line":2,"column":21},"end":{"line":2,"column":83}},"2":{"start":{"line":3,"column":21},"end":{"line":3,"column":84}},"3":{"start":{"line":5,"column":4},"end":{"line":5,"column":70}},"4":{"start":{"line":6,"column":4},"end":{"line":6,"column":36}},"5":{"start":{"line":6,"column":15},"end":{"line":6,"column":36}}},"fnMap":{"0":{"name":"(anonymous_0)","decl":{"start":{"line":2,"column":8},"end":{"line":2,"column":9}},"loc":{"start":{"line":2,"column":21},"end":{"line":2,"column":83}},"line":2},"1":{"name":"(anonymous_1)","decl":{"start":{"line":3,"column":8},"end":{"line":3,"column":9}},"loc":{"start":{"line":3,"column":21},"end":{"line":3,"column":84}},"line":3},"2":{"name":"(anonymous_2)","decl":{"start":{"line":4,"column":9},"end":{"line":4,"column":10}},"loc":{"start":{"line":4,"column":29},"end":{"line":7,"column":3}},"line":4}},"branchMap":{"0":{"loc":{"start":{"line":6,"column":4},"end":{"line":6,"column":36}},"type":"if","locations":[{"start":{"line":6,"column":4},"end":{"line":6,"column":36}},{"start":{},"end":{}}],"line":6}},"s":{"0":2,"1":0,"2":0,"3":0,"4":0,"5":0},"f":{"0":0,"1":0,"2":0},"b":{"0":[0,0]},"_coverageSchema":"1a1c01bbd47fc00a2c39e90264f33305004495a9","hash":"79b9bf10d0dc8d3195b6bdcdce290edd16ad2e89"}
}
