TN:
SF:src\application\generateReport.js
FN:6,generateReport
FNF:1
FNH:1
FNDA:2,generateReport
DA:7,2
DA:8,2
DA:10,2
DA:15,1
DA:16,1
DA:18,1
DA:20,1
DA:22,1
DA:24,1
DA:25,1
LF:10
LH:10
BRF:0
BRH:0
end_of_record
TN:
SF:src\config\constants.js
FN:4,(anonymous_0)
FNF:1
FNH:0
FNDA:0,(anonymous_0)
DA:1,2
DA:4,0
DA:7,2
LF:3
LH:2
BRF:0
BRH:0
end_of_record
TN:
SF:src\domain\post\postEnricher.js
FN:7,asyncPool
FN:15,(anonymous_1)
FN:26,buildPostOutput
FN:42,enrichPosts
FN:43,(anonymous_4)
FN:45,(anonymous_5)
FN:65,(anonymous_6)
FN:66,(anonymous_7)
FNF:8
FNH:8
FNDA:5,asyncPool
FNDA:6,(anonymous_1)
FNDA:4,buildPostOutput
FNDA:5,enrichPosts
FNDA:4,(anonymous_4)
FNDA:6,(anonymous_5)
FNDA:6,(anonymous_6)
FNDA:4,(anonymous_7)
DA:5,1
DA:8,5
DA:9,5
DA:11,5
DA:12,6
DA:13,6
DA:15,6
DA:16,6
DA:18,6
DA:19,0
DA:23,5
DA:27,4
DA:43,5
DA:45,5
DA:46,6
DA:48,5
DA:49,5
DA:51,4
DA:52,4
DA:54,4
DA:55,4
DA:56,4
DA:58,1
DA:61,4
DA:64,5
DA:65,6
DA:66,4
LF:27
LH:26
BRDA:18,0,0,0
BRDA:18,0,1,6
BRDA:46,1,0,1
BRDA:46,1,1,5
BRDA:46,2,0,6
BRDA:46,2,1,5
BRDA:49,3,0,1
BRDA:49,3,1,4
BRDA:49,4,0,5
BRDA:49,4,1,4
BRDA:52,5,0,0
BRDA:52,5,1,4
BRDA:65,6,0,6
BRDA:65,6,1,6
BRF:14
BRH:12
end_of_record
TN:
SF:src\infra\http\httpClient.js
FN:8,(anonymous_0)
FN:9,(anonymous_1)
FNF:2
FNH:0
FNDA:0,(anonymous_0)
FNDA:0,(anonymous_1)
DA:3,1
DA:7,1
DA:8,0
DA:10,0
DA:11,0
DA:13,0
LF:6
LH:2
BRDA:14,0,0,0
BRDA:14,0,1,0
BRF:2
BRH:0
end_of_record
TN:
SF:src\infra\repositories\postApi.js
FN:4,fetchPosts
FN:8,(anonymous_1)
FNF:2
FNH:2
FNDA:1,fetchPosts
FNDA:49,(anonymous_1)
DA:5,1
DA:7,1
DA:8,49
LF:3
LH:3
BRF:0
BRH:0
end_of_record
TN:
SF:src\utils\logger.js
FN:2,(anonymous_0)
FN:3,(anonymous_1)
FN:4,(anonymous_2)
FNF:3
FNH:0
FNDA:0,(anonymous_0)
FNDA:0,(anonymous_1)
FNDA:0,(anonymous_2)
DA:1,2
DA:2,0
DA:3,0
DA:5,0
DA:6,0
LF:5
LH:1
BRDA:6,0,0,0
BRDA:6,0,1,0
BRF:2
BRH:0
end_of_record
